2025-09-11 23:13:42,088 - INFO - Banking Automation Tool v6.0 initialized with Test Runner
2025-09-11 23:13:42,089 - INFO - Starting Banking Automation Tool v6.0
2025-09-11 23:13:42,365 - INFO - Node.js found: v20.19.5
2025-09-11 23:15:15,301 - INFO - Appium server stopped
2025-09-11 23:15:52,143 - INFO - Banking Automation Tool v6.0 initialized with Test Runner
2025-09-11 23:15:52,144 - INFO - Starting Banking Automation Tool v6.0
2025-09-11 23:15:52,347 - INFO - Node.js found: v20.19.5
2025-09-11 23:15:57,140 - INFO - Appium found with command 'appium.cmd': 3.0.1
2025-09-11 23:16:01,605 - INFO - Appium server already running
2025-09-11 23:16:37,016 - ERROR - Device connection failed: Message: Cannot start the 'ch.bsct.ebanking.mobile' application. Consider checking the driver's troubleshooting documentation. Original error: Error executing adbExec. Original error: 'Command 'C:\\Users\\chand\\AppData\\Local\\Android\\Sdk\\platform-tools\\adb.exe -P 5037 -s ZA222TQTZT shell am start -W -S -a android.intent.action.MAIN -c android.intent.category.LAUNCHER -f 0x10200000' exited with code 1'; Command output: Error: Intent matches multiple activities; can't stop: Intent { act=android.intent.action.MAIN cat=[android.intent.category.LAUNCHER] flg=0x10200000 }

Stacktrace:
UnknownError: Cannot start the 'ch.bsct.ebanking.mobile' application. Consider checking the driver's troubleshooting documentation. Original error: Error executing adbExec. Original error: 'Command 'C:\\Users\\chand\\AppData\\Local\\Android\\Sdk\\platform-tools\\adb.exe -P 5037 -s ZA222TQTZT shell am start -W -S -a android.intent.action.MAIN -c android.intent.category.LAUNCHER -f 0x10200000' exited with code 1'; Command output: Error: Intent matches multiple activities; can't stop: Intent { act=android.intent.action.MAIN cat=[android.intent.category.LAUNCHER] flg=0x10200000 }

    at getResponseForW3CError (C:\Users\chand\AppData\Roaming\npm\node_modules\appium\node_modules\@appium\base-driver\lib\protocol\errors.ts:1103:34)
    at asyncHandler (C:\Users\chand\AppData\Roaming\npm\node_modules\appium\node_modules\@appium\base-driver\lib\protocol\protocol.ts:507:57)
The above error is caused by
Error: Cannot start the 'ch.bsct.ebanking.mobile' application. Consider checking the driver's troubleshooting documentation. Original error: Error executing adbExec. Original error: 'Command 'C:\\Users\\chand\\AppData\\Local\\Android\\Sdk\\platform-tools\\adb.exe -P 5037 -s ZA222TQTZT shell am start -W -S -a android.intent.action.MAIN -c android.intent.category.LAUNCHER -f 0x10200000' exited with code 1'; Command output: Error: Intent matches multiple activities; can't stop: Intent { act=android.intent.action.MAIN cat=[android.intent.category.LAUNCHER] flg=0x10200000 }

    at ADB.startApp (C:\Users\chand\.appium\node_modules\appium-uiautomator2-driver\node_modules\appium-adb\lib\tools\apk-utils.js:189:11)
    at AndroidUiautomator2Driver.ensureAppStarts (C:\Users\chand\.appium\node_modules\appium-uiautomator2-driver\lib\driver.ts:826:5)
    at AndroidUiautomator2Driver.performSessionPostExecSetup (C:\Users\chand\.appium\node_modules\appium-uiautomator2-driver\lib\driver.ts:649:7)
    at AndroidUiautomator2Driver.startUiAutomator2Session (C:\Users\chand\.appium\node_modules\appium-uiautomator2-driver\lib\driver.ts:697:5)
    at AndroidUiautomator2Driver.createSession (C:\Users\chand\.appium\node_modules\appium-uiautomator2-driver\lib\driver.ts:419:22)
    at AppiumDriver.createSession (C:\Users\chand\AppData\Roaming\npm\node_modules\appium\lib\appium.js:360:35)
2025-09-11 23:16:52,107 - ERROR - Device connection failed: Message: Cannot start the 'ch.bsct.ebanking.mobile' application. Consider checking the driver's troubleshooting documentation. Original error: Error executing adbExec. Original error: 'Command 'C:\\Users\\chand\\AppData\\Local\\Android\\Sdk\\platform-tools\\adb.exe -P 5037 -s ZA222TQTZT shell am start -W -S -a android.intent.action.MAIN -c android.intent.category.LAUNCHER -f 0x10200000' exited with code 1'; Command output: Error: Intent matches multiple activities; can't stop: Intent { act=android.intent.action.MAIN cat=[android.intent.category.LAUNCHER] flg=0x10200000 }

Stacktrace:
UnknownError: Cannot start the 'ch.bsct.ebanking.mobile' application. Consider checking the driver's troubleshooting documentation. Original error: Error executing adbExec. Original error: 'Command 'C:\\Users\\chand\\AppData\\Local\\Android\\Sdk\\platform-tools\\adb.exe -P 5037 -s ZA222TQTZT shell am start -W -S -a android.intent.action.MAIN -c android.intent.category.LAUNCHER -f 0x10200000' exited with code 1'; Command output: Error: Intent matches multiple activities; can't stop: Intent { act=android.intent.action.MAIN cat=[android.intent.category.LAUNCHER] flg=0x10200000 }

    at getResponseForW3CError (C:\Users\chand\AppData\Roaming\npm\node_modules\appium\node_modules\@appium\base-driver\lib\protocol\errors.ts:1103:34)
    at asyncHandler (C:\Users\chand\AppData\Roaming\npm\node_modules\appium\node_modules\@appium\base-driver\lib\protocol\protocol.ts:507:57)
The above error is caused by
Error: Cannot start the 'ch.bsct.ebanking.mobile' application. Consider checking the driver's troubleshooting documentation. Original error: Error executing adbExec. Original error: 'Command 'C:\\Users\\chand\\AppData\\Local\\Android\\Sdk\\platform-tools\\adb.exe -P 5037 -s ZA222TQTZT shell am start -W -S -a android.intent.action.MAIN -c android.intent.category.LAUNCHER -f 0x10200000' exited with code 1'; Command output: Error: Intent matches multiple activities; can't stop: Intent { act=android.intent.action.MAIN cat=[android.intent.category.LAUNCHER] flg=0x10200000 }

    at ADB.startApp (C:\Users\chand\.appium\node_modules\appium-uiautomator2-driver\node_modules\appium-adb\lib\tools\apk-utils.js:189:11)
    at AndroidUiautomator2Driver.ensureAppStarts (C:\Users\chand\.appium\node_modules\appium-uiautomator2-driver\lib\driver.ts:826:5)
    at AndroidUiautomator2Driver.performSessionPostExecSetup (C:\Users\chand\.appium\node_modules\appium-uiautomator2-driver\lib\driver.ts:649:7)
    at AndroidUiautomator2Driver.startUiAutomator2Session (C:\Users\chand\.appium\node_modules\appium-uiautomator2-driver\lib\driver.ts:697:5)
    at AndroidUiautomator2Driver.createSession (C:\Users\chand\.appium\node_modules\appium-uiautomator2-driver\lib\driver.ts:419:22)
    at AppiumDriver.createSession (C:\Users\chand\AppData\Roaming\npm\node_modules\appium\lib\appium.js:360:35)
2025-09-11 23:19:33,296 - INFO - Successfully connected to banking app
2025-09-11 23:19:40,805 - INFO - Screenshot saved: InLinea_Banking_Unknown_Screen_20250911_231940.png
2025-09-11 23:19:47,900 - WARNING - Failed to process element: sequence item 3: expected str instance, NoneType found
2025-09-11 23:19:48,809 - WARNING - Failed to process element: sequence item 3: expected str instance, NoneType found
2025-09-11 23:19:49,980 - WARNING - Failed to process element: sequence item 3: expected str instance, NoneType found
2025-09-11 23:19:51,151 - WARNING - Failed to process element: sequence item 3: expected str instance, NoneType found
2025-09-11 23:19:51,152 - INFO - Screen scan completed: 12 elements found in 11.03s
2025-09-11 23:20:03,234 - INFO - Database schema initialized successfully
2025-09-11 23:20:03,241 - INFO - Saved scan session scan_1757611203_33a5c00e with 12 elements
2025-09-11 23:20:05,156 - INFO - Database schema initialized successfully
2025-09-11 23:20:18,879 - INFO - Database schema initialized successfully
2025-09-11 23:20:18,898 - INFO - Exported 12 records to CSV: C:/Users/chand/Downloads/test1.csv
2025-09-11 23:20:30,593 - INFO - Starting test case: InLinea_Login_Test
2025-09-11 23:20:30,593 - INFO - Executing step 1/10: Wait for app to load
2025-09-11 23:20:31,959 - INFO - Executing step 2/10: Click OK button if present
2025-09-11 23:20:37,858 - INFO - Test completed: FAILED
2025-09-11 23:20:37,860 - INFO - Steps passed: 0/10
2025-09-11 23:21:00,682 - INFO - Starting test case: OK_Button_Test
2025-09-11 23:21:00,683 - INFO - Executing step 1/1: Click OK button
2025-09-11 23:21:06,529 - INFO - Starting test case: OK_Button_Test
2025-09-11 23:21:06,529 - INFO - Executing step 1/1: Click OK button
2025-09-11 23:21:12,156 - INFO - Starting test case: OK_Button_Test
2025-09-11 23:21:12,157 - INFO - Executing step 1/1: Click OK button
2025-09-11 23:21:17,795 - INFO - Starting test case: Generic_UI_Test
2025-09-11 23:21:17,796 - INFO - Executing step 1/7: Verify  exists
2025-09-11 23:21:18,881 - INFO - Executing step 2/7: Verify  exists
2025-09-11 23:21:19,987 - INFO - Executing step 3/7: Verify  exists
2025-09-11 23:21:21,364 - INFO - Executing step 4/7: Verify  exists
2025-09-11 23:21:22,440 - INFO - Executing step 5/7: Verify  exists
2025-09-11 23:21:23,517 - INFO - Executing step 6/7: Verify Insert your credentials exists
2025-09-11 23:21:24,592 - INFO - Executing step 7/7: Verify  exists
2025-09-11 23:21:25,704 - INFO - Starting test case: Generic_UI_Test
2025-09-11 23:21:25,705 - INFO - Executing step 1/7: Verify  exists
2025-09-11 23:21:26,820 - INFO - Executing step 2/7: Verify  exists
2025-09-11 23:21:27,898 - INFO - Executing step 3/7: Verify  exists
2025-09-11 23:21:28,990 - INFO - Executing step 4/7: Verify  exists
2025-09-11 23:21:30,054 - INFO - Executing step 5/7: Verify  exists
2025-09-11 23:21:31,160 - INFO - Executing step 6/7: Verify Insert your credentials exists
2025-09-11 23:21:32,258 - INFO - Executing step 7/7: Verify  exists
2025-09-11 23:21:33,345 - INFO - Starting test case: Generic_UI_Test
2025-09-11 23:21:33,346 - INFO - Executing step 1/7: Verify  exists
2025-09-11 23:21:34,435 - INFO - Executing step 2/7: Verify  exists
2025-09-11 23:21:35,531 - INFO - Executing step 3/7: Verify  exists
2025-09-11 23:21:36,608 - INFO - Executing step 4/7: Verify  exists
2025-09-11 23:21:37,677 - INFO - Executing step 5/7: Verify  exists
2025-09-11 23:21:38,770 - INFO - Executing step 6/7: Verify Insert your credentials exists
2025-09-11 23:21:39,856 - INFO - Executing step 7/7: Verify  exists
2025-09-11 23:21:56,482 - INFO - Starting test case: Generic_UI_Test
2025-09-11 23:21:56,483 - INFO - Executing step 1/7: Verify  exists
2025-09-11 23:21:57,788 - INFO - Executing step 2/7: Verify  exists
2025-09-11 23:21:58,911 - INFO - Executing step 3/7: Verify  exists
2025-09-11 23:22:00,003 - INFO - Executing step 4/7: Verify  exists
2025-09-11 23:22:01,485 - INFO - Executing step 5/7: Verify  exists
2025-09-11 23:22:02,579 - INFO - Executing step 6/7: Verify Insert your credentials exists
2025-09-11 23:22:03,827 - INFO - Executing step 7/7: Verify  exists
2025-09-11 23:22:04,939 - INFO - Starting test case: Generic_UI_Test
2025-09-11 23:22:04,939 - INFO - Executing step 1/7: Verify  exists
2025-09-11 23:22:06,016 - INFO - Executing step 2/7: Verify  exists
2025-09-11 23:22:07,123 - INFO - Executing step 3/7: Verify  exists
2025-09-11 23:22:08,212 - INFO - Executing step 4/7: Verify  exists
2025-09-11 23:22:09,291 - INFO - Executing step 5/7: Verify  exists
2025-09-11 23:22:10,398 - INFO - Executing step 6/7: Verify Insert your credentials exists
2025-09-11 23:22:11,478 - INFO - Executing step 7/7: Verify  exists
2025-09-11 23:22:30,650 - INFO - Starting test case: Generic_UI_Test
2025-09-11 23:22:30,650 - INFO - Executing step 1/7: Verify  exists
2025-09-11 23:22:31,726 - INFO - Executing step 2/7: Verify  exists
2025-09-11 23:22:32,833 - INFO - Executing step 3/7: Verify  exists
2025-09-11 23:22:33,925 - INFO - Executing step 4/7: Verify  exists
2025-09-11 23:22:35,001 - INFO - Executing step 5/7: Verify  exists
2025-09-11 23:22:36,104 - INFO - Executing step 6/7: Verify Insert your credentials exists
2025-09-11 23:22:37,183 - INFO - Executing step 7/7: Verify  exists
2025-09-11 23:22:41,227 - INFO - Starting test case: Generic_UI_Test
2025-09-11 23:22:41,227 - INFO - Executing step 1/7: Verify  exists
2025-09-11 23:22:42,306 - INFO - Executing step 2/7: Verify  exists
2025-09-11 23:22:43,398 - INFO - Executing step 3/7: Verify  exists
2025-09-11 23:22:44,519 - INFO - Executing step 4/7: Verify  exists
2025-09-11 23:22:45,579 - INFO - Executing step 5/7: Verify  exists
2025-09-11 23:22:46,672 - INFO - Executing step 6/7: Verify Insert your credentials exists
2025-09-11 23:22:47,767 - INFO - Executing step 7/7: Verify  exists
2025-09-11 23:22:49,196 - INFO - Starting test case: OK_Button_Test
2025-09-11 23:22:49,196 - INFO - Executing step 1/1: Click OK button
2025-09-11 23:22:54,718 - INFO - Starting test case: InLinea_Login_Test
2025-09-11 23:22:54,720 - INFO - Executing step 1/10: Wait for app to load
2025-09-11 23:22:56,088 - INFO - Executing step 2/10: Click OK button if present
2025-09-11 23:23:01,477 - INFO - Test completed: FAILED
2025-09-11 23:23:01,479 - INFO - Steps passed: 0/10
2025-09-11 23:23:15,403 - INFO - Starting test case: OK_Button_Test
2025-09-11 23:23:15,403 - INFO - Executing step 1/1: Click OK button
2025-09-11 23:23:27,211 - INFO - Starting test case: Generic_UI_Test
2025-09-11 23:23:27,212 - INFO - Executing step 1/7: Verify  exists
2025-09-11 23:23:28,282 - INFO - Executing step 2/7: Verify  exists
2025-09-11 23:23:29,358 - INFO - Executing step 3/7: Verify  exists
2025-09-11 23:23:30,480 - INFO - Executing step 4/7: Verify  exists
2025-09-11 23:23:31,551 - INFO - Executing step 5/7: Verify  exists
2025-09-11 23:23:32,644 - INFO - Executing step 6/7: Verify Insert your credentials exists
2025-09-11 23:23:33,733 - INFO - Executing step 7/7: Verify  exists
2025-09-11 23:23:34,840 - INFO - Starting test case: Generic_UI_Test
2025-09-11 23:23:34,841 - INFO - Executing step 1/7: Verify  exists
2025-09-11 23:23:35,916 - INFO - Executing step 2/7: Verify  exists
2025-09-11 23:23:36,993 - INFO - Executing step 3/7: Verify  exists
2025-09-11 23:23:38,101 - INFO - Executing step 4/7: Verify  exists
2025-09-11 23:23:39,167 - INFO - Executing step 5/7: Verify  exists
2025-09-11 23:23:40,641 - INFO - Executing step 6/7: Verify Insert your credentials exists
2025-09-11 23:23:41,747 - INFO - Executing step 7/7: Verify  exists
2025-09-11 23:23:43,199 - INFO - Driver session closed
2025-09-11 23:23:44,586 - INFO - Terminated Appium process: 22036
2025-09-11 23:23:44,586 - INFO - Appium server stopped
